2024-09-19 16:31:08.129 +03:00 [WRN] Sensitive data logging is enabled. Log entries and exception messages may include sensitive application data; this mode should only be enabled during development.
2024-09-19 16:31:08.216 +03:00 [WRN] The entity type 'Address' is an optional dependent using table sharing without any required non shared property that could be used to identify whether the entity exists. If all nullable properties contain a null value in database then an object instance won't be created in the query. Add a required property to create instances with null values for other properties or mark the incoming navigation as required to always create an instance.
2024-09-19 18:50:12.720 +03:00 [WRN] Sensitive data logging is enabled. Log entries and exception messages may include sensitive application data; this mode should only be enabled during development.
2024-09-19 18:50:12.805 +03:00 [WRN] The entity type 'Address' is an optional dependent using table sharing without any required non shared property that could be used to identify whether the entity exists. If all nullable properties contain a null value in database then an object instance won't be created in the query. Add a required property to create instances with null values for other properties or mark the incoming navigation as required to always create an instance.
2024-09-19 20:39:48.121 +03:00 [WRN] Sensitive data logging is enabled. Log entries and exception messages may include sensitive application data; this mode should only be enabled during development.
2024-09-19 20:39:48.247 +03:00 [WRN] The entity type 'Address' is an optional dependent using table sharing without any required non shared property that could be used to identify whether the entity exists. If all nullable properties contain a null value in database then an object instance won't be created in the query. Add a required property to create instances with null values for other properties or mark the incoming navigation as required to always create an instance.
2024-09-19 20:40:42.346 +03:00 [WRN] Failed to determine the https port for redirect.
2024-09-19 20:40:42.381 +03:00 [WRN] Request [GET] 
 at /swagger took time: 33 ms
2024-09-19 20:40:42.461 +03:00 [WRN] Request [GET] 
 at /swagger/index.html took time: 63 ms
2024-09-19 20:40:42.490 +03:00 [WRN] Request [GET] 
 at /swagger/index.js took time: 2 ms
2024-09-19 20:40:42.496 +03:00 [WRN] Request [GET] 
 at /swagger/index.css took time: 8 ms
2024-09-19 20:40:42.516 +03:00 [WRN] Request [GET] 
 at /swagger/swagger-ui-standalone-preset.js took time: 28 ms
2024-09-19 20:40:42.516 +03:00 [WRN] Request [GET] 
 at /swagger/swagger-ui-bundle.js took time: 28 ms
2024-09-19 20:40:42.516 +03:00 [WRN] Request [GET] 
 at /swagger/swagger-ui.css took time: 28 ms
2024-09-19 20:40:42.943 +03:00 [WRN] Request [GET] 
 at /swagger/v1/swagger.json took time: 173 ms
2024-09-19 20:40:59.001 +03:00 [INF] Retrieving all restaurants.
2024-09-19 20:40:59.152 +03:00 [WRN] The query uses a row limiting operator ('Skip'/'Take') without an 'OrderBy' operator. This may lead to unpredictable results. If the 'Distinct' operator is used after 'OrderBy', then make sure to use the 'OrderBy' operator after 'Distinct' as the ordering would otherwise get erased.
2024-09-19 20:40:59.154 +03:00 [WRN] The query uses a row limiting operator ('Skip'/'Take') without an 'OrderBy' operator. This may lead to unpredictable results. If the 'Distinct' operator is used after 'OrderBy', then make sure to use the 'OrderBy' operator after 'Distinct' as the ordering would otherwise get erased.
2024-09-19 20:40:59.240 +03:00 [WRN] Request [GET] 
 at /api/Restaurants took time: 405 ms
2024-09-19 20:47:23.456 +03:00 [WRN] Sensitive data logging is enabled. Log entries and exception messages may include sensitive application data; this mode should only be enabled during development.
2024-09-19 20:47:23.615 +03:00 [WRN] The entity type 'Address' is an optional dependent using table sharing without any required non shared property that could be used to identify whether the entity exists. If all nullable properties contain a null value in database then an object instance won't be created in the query. Add a required property to create instances with null values for other properties or mark the incoming navigation as required to always create an instance.
2024-09-19 20:51:23.210 +03:00 [WRN] Sensitive data logging is enabled. Log entries and exception messages may include sensitive application data; this mode should only be enabled during development.
2024-09-19 20:51:23.333 +03:00 [WRN] The entity type 'Address' is an optional dependent using table sharing without any required non shared property that could be used to identify whether the entity exists. If all nullable properties contain a null value in database then an object instance won't be created in the query. Add a required property to create instances with null values for other properties or mark the incoming navigation as required to always create an instance.
2024-09-19 20:51:28.809 +03:00 [WRN] Failed to determine the https port for redirect.
2024-09-19 20:51:29.004 +03:00 [INF] Retrieving all restaurants.
2024-09-19 20:51:29.140 +03:00 [WRN] The query uses a row limiting operator ('Skip'/'Take') without an 'OrderBy' operator. This may lead to unpredictable results. If the 'Distinct' operator is used after 'OrderBy', then make sure to use the 'OrderBy' operator after 'Distinct' as the ordering would otherwise get erased.
2024-09-19 20:51:29.141 +03:00 [WRN] The query uses a row limiting operator ('Skip'/'Take') without an 'OrderBy' operator. This may lead to unpredictable results. If the 'Distinct' operator is used after 'OrderBy', then make sure to use the 'OrderBy' operator after 'Distinct' as the ordering would otherwise get erased.
2024-09-19 20:51:29.248 +03:00 [WRN] Request [GET] 
 at /api/Restaurants took time: 437 ms
2024-09-19 20:51:29.304 +03:00 [WRN] Request [GET] 
 at /favicon.ico took time: 1 ms
2024-09-19 20:55:08.620 +03:00 [WRN] Sensitive data logging is enabled. Log entries and exception messages may include sensitive application data; this mode should only be enabled during development.
2024-09-19 20:55:08.737 +03:00 [WRN] The entity type 'Address' is an optional dependent using table sharing without any required non shared property that could be used to identify whether the entity exists. If all nullable properties contain a null value in database then an object instance won't be created in the query. Add a required property to create instances with null values for other properties or mark the incoming navigation as required to always create an instance.
2024-09-19 20:56:12.502 +03:00 [WRN] Sensitive data logging is enabled. Log entries and exception messages may include sensitive application data; this mode should only be enabled during development.
2024-09-19 20:56:12.685 +03:00 [WRN] The entity type 'Address' is an optional dependent using table sharing without any required non shared property that could be used to identify whether the entity exists. If all nullable properties contain a null value in database then an object instance won't be created in the query. Add a required property to create instances with null values for other properties or mark the incoming navigation as required to always create an instance.
2024-09-19 20:57:22.725 +03:00 [WRN] Sensitive data logging is enabled. Log entries and exception messages may include sensitive application data; this mode should only be enabled during development.
2024-09-19 20:57:22.880 +03:00 [WRN] The entity type 'Address' is an optional dependent using table sharing without any required non shared property that could be used to identify whether the entity exists. If all nullable properties contain a null value in database then an object instance won't be created in the query. Add a required property to create instances with null values for other properties or mark the incoming navigation as required to always create an instance.
2024-09-19 20:57:33.609 +03:00 [WRN] Failed to determine the https port for redirect.
2024-09-19 20:57:33.652 +03:00 [WRN] Request [GET] 
 at //api/Restaurants took time: 42 ms
2024-09-19 20:57:45.836 +03:00 [INF] Retrieving all restaurants.
2024-09-19 20:57:47.153 +03:00 [WRN] The query uses a row limiting operator ('Skip'/'Take') without an 'OrderBy' operator. This may lead to unpredictable results. If the 'Distinct' operator is used after 'OrderBy', then make sure to use the 'OrderBy' operator after 'Distinct' as the ordering would otherwise get erased.
2024-09-19 20:57:47.154 +03:00 [WRN] The query uses a row limiting operator ('Skip'/'Take') without an 'OrderBy' operator. This may lead to unpredictable results. If the 'Distinct' operator is used after 'OrderBy', then make sure to use the 'OrderBy' operator after 'Distinct' as the ordering would otherwise get erased.
2024-09-19 20:58:31.461 +03:00 [WRN] Sensitive data logging is enabled. Log entries and exception messages may include sensitive application data; this mode should only be enabled during development.
2024-09-19 20:58:31.627 +03:00 [WRN] The entity type 'Address' is an optional dependent using table sharing without any required non shared property that could be used to identify whether the entity exists. If all nullable properties contain a null value in database then an object instance won't be created in the query. Add a required property to create instances with null values for other properties or mark the incoming navigation as required to always create an instance.
2024-09-19 20:58:32.707 +03:00 [WRN] Failed to determine the https port for redirect.
2024-09-19 20:58:37.942 +03:00 [INF] Retrieving all restaurants.
2024-09-19 20:58:38.449 +03:00 [WRN] The query uses a row limiting operator ('Skip'/'Take') without an 'OrderBy' operator. This may lead to unpredictable results. If the 'Distinct' operator is used after 'OrderBy', then make sure to use the 'OrderBy' operator after 'Distinct' as the ordering would otherwise get erased.
2024-09-19 20:58:38.451 +03:00 [WRN] The query uses a row limiting operator ('Skip'/'Take') without an 'OrderBy' operator. This may lead to unpredictable results. If the 'Distinct' operator is used after 'OrderBy', then make sure to use the 'OrderBy' operator after 'Distinct' as the ordering would otherwise get erased.
2024-09-19 20:58:38.640 +03:00 [WRN] Request [GET] 
 at /api/Restaurants took time: 5929 ms
2024-09-19 20:58:39.183 +03:00 [WRN] Request [GET] 
 at /favicon.ico took time: 1 ms
2024-09-19 21:30:34.584 +03:00 [WRN] Sensitive data logging is enabled. Log entries and exception messages may include sensitive application data; this mode should only be enabled during development.
2024-09-19 21:30:34.744 +03:00 [WRN] The entity type 'Address' is an optional dependent using table sharing without any required non shared property that could be used to identify whether the entity exists. If all nullable properties contain a null value in database then an object instance won't be created in the query. Add a required property to create instances with null values for other properties or mark the incoming navigation as required to always create an instance.
2024-09-19 21:59:46.577 +03:00 [WRN] Sensitive data logging is enabled. Log entries and exception messages may include sensitive application data; this mode should only be enabled during development.
2024-09-19 21:59:46.688 +03:00 [WRN] The entity type 'Address' is an optional dependent using table sharing without any required non shared property that could be used to identify whether the entity exists. If all nullable properties contain a null value in database then an object instance won't be created in the query. Add a required property to create instances with null values for other properties or mark the incoming navigation as required to always create an instance.
2024-09-19 21:59:50.480 +03:00 [WRN] Failed to determine the https port for redirect.
2024-09-19 21:59:50.586 +03:00 [WRN] Request [GET] 
 at /swagger/index.html took time: 103 ms
2024-09-19 21:59:50.618 +03:00 [WRN] Request [GET] 
 at /swagger/index.js took time: 1 ms
2024-09-19 21:59:51.001 +03:00 [WRN] Request [GET] 
 at /swagger/v1/swagger.json took time: 140 ms
2024-09-19 21:59:58.290 +03:00 [WRN] Request [GET] 
 at /api/Restaurants took time: 9 ms
2024-09-19 22:00:20.123 +03:00 [WRN] Sensitive data logging is enabled. Log entries and exception messages may include sensitive application data; this mode should only be enabled during development.
2024-09-19 22:00:20.243 +03:00 [WRN] The entity type 'Address' is an optional dependent using table sharing without any required non shared property that could be used to identify whether the entity exists. If all nullable properties contain a null value in database then an object instance won't be created in the query. Add a required property to create instances with null values for other properties or mark the incoming navigation as required to always create an instance.
